<?xml version="1.0" encoding="UTF-8"?>
<!-- Generated by org.testng.reporters.JUnitReportReporter -->
<testsuite skipped="0" hostname="LAPTOP-PLT0NM63" name="pageobjectstests.DropDownPageTest" tests="1" failures="0" timestamp="20 Jul 2022 18:50:58 GMT" time="2.662" errors="0">
  <testcase name="dropDownPageTest" time="2.662" classname="pageobjectstests.DropDownPageTest"/>
</testsuite> <!-- pageobjectstests.DropDownPageTest -->
