<?xml version="1.0" encoding="UTF-8"?>
<!-- Generated by org.testng.reporters.JUnitReportReporter -->
<testsuite skipped="0" hostname="LAPTOP-PLT0NM63" name="pageobjectstests.HoversPageTest" tests="1" failures="0" timestamp="20 Jul 2022 18:50:58 GMT" time="2.919" errors="0">
  <testcase name="hoverOverProfileAndClickTest" time="2.919" classname="pageobjectstests.HoversPageTest"/>
</testsuite> <!-- pageobjectstests.HoversPageTest -->
